android/app/build/intermediates/manifest_merge_blame_file/release/processReleaseMainManifest/manifest-merger-blame-release-report.txt
1<?xml version="1.0" encoding="utf-8"?>
2<manifest xmlns:android="http://schemas.android.com/apk/res/android"
3    package="com.example.nail_designer_app"
4    android:versionCode="1"
5    android:versionName="1.0.0" >
6
7    <uses-sdk
8        android:minSdkVersion="23"
9        android:targetSdkVersion="35" />
10    <!--
11         Required to query activities that can process text, see:
12         https://developer.android.com/training/package-visibility and
13         https://developer.android.com/reference/android/content/Intent#ACTION_PROCESS_TEXT.
14
15         In particular, this is used by the Flutter engine in io.flutter.plugin.text.ProcessTextPlugin.
16    -->
17    <queries>
17-->src\main\AndroidManifest.xml:42:5-47:15
18        <intent>
18-->src\main\AndroidManifest.xml:43:9-46:18
19            <action android:name="android.intent.action.PROCESS_TEXT" />
19-->src\main\AndroidManifest.xml:44:13-73
19-->src\main\AndroidManifest.xml:44:21-70
20
21            <data android:mimeType="text/plain" />
21-->src\main\AndroidManifest.xml:45:13-51
21-->src\main\AndroidManifest.xml:45:19-48
22        </intent>
23    </queries>
24
25    <uses-permission android:name="android.permission.INTERNET" />
25-->[com.google.firebase:firebase-auth:23.2.0] AndroidManifest.xml:25:5-67
25-->[com.google.firebase:firebase-auth:23.2.0] AndroidManifest.xml:25:22-64
26    <uses-permission android:name="android.permission.ACCESS_NETWORK_STATE" />
26-->[com.google.firebase:firebase-auth:23.2.0] AndroidManifest.xml:26:5-79
26-->[com.google.firebase:firebase-auth:23.2.0] AndroidManifest.xml:26:22-76
27    <uses-permission android:name="com.google.android.providers.gsf.permission.READ_GSERVICES" />
27-->[com.google.android.recaptcha:recaptcha:18.6.1] AndroidManifest.xml:9:5-98
27-->[com.google.android.recaptcha:recaptcha:18.6.1] AndroidManifest.xml:9:22-95
28
29    <permission
29-->[androidx.core:core:1.13.1] AndroidManifest.xml:22:5-24:47
30        android:name="com.example.nail_designer_app.DYNAMIC_RECEIVER_NOT_EXPORTED_PERMISSION"
30-->[androidx.core:core:1.13.1] AndroidManifest.xml:23:9-81
31        android:protectionLevel="signature" />
31-->[androidx.core:core:1.13.1] AndroidManifest.xml:24:9-44
32
33    <uses-permission android:name="com.example.nail_designer_app.DYNAMIC_RECEIVER_NOT_EXPORTED_PERMISSION" />
33-->[androidx.core:core:1.13.1] AndroidManifest.xml:26:5-97
33-->[androidx.core:core:1.13.1] AndroidManifest.xml:26:22-94
34
35    <application
36        android:name="android.app.Application"
36-->src\main\AndroidManifest.xml:4:9-42
37        android:appComponentFactory="androidx.core.app.CoreComponentFactory"
37-->[androidx.core:core:1.13.1] AndroidManifest.xml:28:18-86
38        android:extractNativeLibs="false"
39        android:icon="@mipmap/ic_launcher"
39-->src\main\AndroidManifest.xml:5:9-43
40        android:label="nail_designer_app" >
40-->src\main\AndroidManifest.xml:3:9-42
41        <activity
41-->src\main\AndroidManifest.xml:6:9-27:20
42            android:name="com.example.nail_designer_app.MainActivity"
42-->src\main\AndroidManifest.xml:7:13-41
43            android:configChanges="orientation|keyboardHidden|keyboard|screenSize|smallestScreenSize|locale|layoutDirection|fontScale|screenLayout|density|uiMode"
43-->src\main\AndroidManifest.xml:12:13-163
44            android:exported="true"
44-->src\main\AndroidManifest.xml:8:13-36
45            android:hardwareAccelerated="true"
45-->src\main\AndroidManifest.xml:13:13-47
46            android:launchMode="singleTop"
46-->src\main\AndroidManifest.xml:9:13-43
47            android:taskAffinity=""
47-->src\main\AndroidManifest.xml:10:13-36
48            android:theme="@style/LaunchTheme"
48-->src\main\AndroidManifest.xml:11:13-47
49            android:windowSoftInputMode="adjustResize" >
49-->src\main\AndroidManifest.xml:14:13-55
50
51            <!--
52                 Specifies an Android theme to apply to this Activity as soon as
53                 the Android process has started. This theme is visible to the user
54                 while the Flutter UI initializes. After that, this theme continues
55                 to determine the Window background behind the Flutter UI.
56            -->
57            <meta-data
57-->src\main\AndroidManifest.xml:19:13-22:15
58                android:name="io.flutter.embedding.android.NormalTheme"
58-->src\main\AndroidManifest.xml:20:17-72
59                android:resource="@style/NormalTheme" />
59-->src\main\AndroidManifest.xml:21:17-54
60
61            <intent-filter>
61-->src\main\AndroidManifest.xml:23:13-26:29
62                <action android:name="android.intent.action.MAIN" />
62-->src\main\AndroidManifest.xml:24:17-69
62-->src\main\AndroidManifest.xml:24:25-66
63
64                <category android:name="android.intent.category.LAUNCHER" />
64-->src\main\AndroidManifest.xml:25:17-77
64-->src\main\AndroidManifest.xml:25:27-74
65            </intent-filter>
66        </activity>
67        <!--
68             Don't delete the meta-data below.
69             This is used by the Flutter tool to generate GeneratedPluginRegistrant.java
70        -->
71        <meta-data
71-->src\main\AndroidManifest.xml:30:9-32:33
72            android:name="flutterEmbedding"
72-->src\main\AndroidManifest.xml:31:13-44
73            android:value="2" />
73-->src\main\AndroidManifest.xml:32:13-30
74        <meta-data
74-->src\main\AndroidManifest.xml:33:9-35:47
75            android:name="com.google.firebase.messaging.default_notification_channel_id"
75-->src\main\AndroidManifest.xml:34:13-89
76            android:value="default_channel" />
76-->src\main\AndroidManifest.xml:35:13-44
77
78        <service
78-->[:firebase_app_check] AndroidManifest.xml:8:9-12:19
79            android:name="com.google.firebase.components.ComponentDiscoveryService"
79-->[:firebase_app_check] AndroidManifest.xml:8:18-89
80            android:directBootAware="true"
80-->[com.google.firebase:firebase-common:21.0.0] AndroidManifest.xml:32:13-43
81            android:exported="false" >
81-->[com.google.firebase:firebase-appcheck-debug:18.0.0] AndroidManifest.xml:24:13-37
82            <meta-data
82-->[:firebase_app_check] AndroidManifest.xml:9:13-11:85
83                android:name="com.google.firebase.components:io.flutter.plugins.firebase.appcheck.FlutterFirebaseAppRegistrar"
83-->[:firebase_app_check] AndroidManifest.xml:10:17-127
84                android:value="com.google.firebase.components.ComponentRegistrar" />
84-->[:firebase_app_check] AndroidManifest.xml:11:17-82
85            <meta-data
85-->[:cloud_firestore] AndroidManifest.xml:9:13-11:85
86                android:name="com.google.firebase.components:io.flutter.plugins.firebase.firestore.FlutterFirebaseFirestoreRegistrar"
86-->[:cloud_firestore] AndroidManifest.xml:10:17-134
87                android:value="com.google.firebase.components.ComponentRegistrar" />
87-->[:cloud_firestore] AndroidManifest.xml:11:17-82
88            <meta-data
88-->[:firebase_auth] AndroidManifest.xml:9:13-11:85
89                android:name="com.google.firebase.components:io.flutter.plugins.firebase.auth.FlutterFirebaseAuthRegistrar"
89-->[:firebase_auth] AndroidManifest.xml:10:17-124
90                android:value="com.google.firebase.components.ComponentRegistrar" />
90-->[:firebase_auth] AndroidManifest.xml:11:17-82
91            <meta-data
91-->[:firebase_storage] AndroidManifest.xml:9:13-11:85
92                android:name="com.google.firebase.components:io.flutter.plugins.firebase.storage.FlutterFirebaseAppRegistrar"
92-->[:firebase_storage] AndroidManifest.xml:10:17-126
93                android:value="com.google.firebase.components.ComponentRegistrar" />
93-->[:firebase_storage] AndroidManifest.xml:11:17-82
94            <meta-data
94-->[:firebase_core] AndroidManifest.xml:9:13-11:85
95                android:name="com.google.firebase.components:io.flutter.plugins.firebase.core.FlutterFirebaseCoreRegistrar"
95-->[:firebase_core] AndroidManifest.xml:10:17-124
96                android:value="com.google.firebase.components.ComponentRegistrar" />
96-->[:firebase_core] AndroidManifest.xml:11:17-82
97            <meta-data
97-->[com.google.firebase:firebase-appcheck-debug:18.0.0] AndroidManifest.xml:25:13-27:85
98                android:name="com.google.firebase.components:com.google.firebase.appcheck.debug.FirebaseAppCheckDebugRegistrar"
98-->[com.google.firebase:firebase-appcheck-debug:18.0.0] AndroidManifest.xml:26:17-128
99                android:value="com.google.firebase.components.ComponentRegistrar" />
99-->[com.google.firebase:firebase-appcheck-debug:18.0.0] AndroidManifest.xml:27:17-82
100            <meta-data
100-->[com.google.firebase:firebase-appcheck-playintegrity:18.0.0] AndroidManifest.xml:25:13-27:85
101                android:name="com.google.firebase.components:com.google.firebase.appcheck.playintegrity.FirebaseAppCheckPlayIntegrityRegistrar"
101-->[com.google.firebase:firebase-appcheck-playintegrity:18.0.0] AndroidManifest.xml:26:17-144
102                android:value="com.google.firebase.components.ComponentRegistrar" />
102-->[com.google.firebase:firebase-appcheck-playintegrity:18.0.0] AndroidManifest.xml:27:17-82
103            <meta-data
103-->[com.google.firebase:firebase-auth:23.2.0] AndroidManifest.xml:69:13-71:85
104                android:name="com.google.firebase.components:com.google.firebase.auth.FirebaseAuthRegistrar"
104-->[com.google.firebase:firebase-auth:23.2.0] AndroidManifest.xml:70:17-109
105                android:value="com.google.firebase.components.ComponentRegistrar" />
105-->[com.google.firebase:firebase-auth:23.2.0] AndroidManifest.xml:71:17-82
106            <meta-data
106-->[com.google.firebase:firebase-firestore:25.1.2] AndroidManifest.xml:17:13-19:85
107                android:name="com.google.firebase.components:com.google.firebase.firestore.FirebaseFirestoreKtxRegistrar"
107-->[com.google.firebase:firebase-firestore:25.1.2] AndroidManifest.xml:18:17-122
108                android:value="com.google.firebase.components.ComponentRegistrar" />
108-->[com.google.firebase:firebase-firestore:25.1.2] AndroidManifest.xml:19:17-82
109            <meta-data
109-->[com.google.firebase:firebase-firestore:25.1.2] AndroidManifest.xml:20:13-22:85
110                android:name="com.google.firebase.components:com.google.firebase.firestore.FirestoreRegistrar"
110-->[com.google.firebase:firebase-firestore:25.1.2] AndroidManifest.xml:21:17-111
111                android:value="com.google.firebase.components.ComponentRegistrar" />
111-->[com.google.firebase:firebase-firestore:25.1.2] AndroidManifest.xml:22:17-82
112            <meta-data
112-->[com.google.firebase:firebase-storage:21.0.1] AndroidManifest.xml:30:13-32:85
113                android:name="com.google.firebase.components:com.google.firebase.storage.FirebaseStorageKtxRegistrar"
113-->[com.google.firebase:firebase-storage:21.0.1] AndroidManifest.xml:31:17-118
114                android:value="com.google.firebase.components.ComponentRegistrar" />
114-->[com.google.firebase:firebase-storage:21.0.1] AndroidManifest.xml:32:17-82
115            <meta-data
115-->[com.google.firebase:firebase-storage:21.0.1] AndroidManifest.xml:33:13-35:85
116                android:name="com.google.firebase.components:com.google.firebase.storage.StorageRegistrar"
116-->[com.google.firebase:firebase-storage:21.0.1] AndroidManifest.xml:34:17-107
117                android:value="com.google.firebase.components.ComponentRegistrar" />
117-->[com.google.firebase:firebase-storage:21.0.1] AndroidManifest.xml:35:17-82
118            <meta-data
118-->[com.google.firebase:firebase-appcheck-safetynet:16.1.2] AndroidManifest.xml:27:13-29:85
119                android:name="com.google.firebase.components:com.google.firebase.appcheck.safetynet.FirebaseAppCheckSafetyNetRegistrar"
119-->[com.google.firebase:firebase-appcheck-safetynet:16.1.2] AndroidManifest.xml:28:17-136
120                android:value="com.google.firebase.components.ComponentRegistrar" />
120-->[com.google.firebase:firebase-appcheck-safetynet:16.1.2] AndroidManifest.xml:29:17-82
121            <meta-data
121-->[com.google.firebase:firebase-appcheck:18.0.0] AndroidManifest.xml:25:13-27:85
122                android:name="com.google.firebase.components:com.google.firebase.appcheck.FirebaseAppCheckKtxRegistrar"
122-->[com.google.firebase:firebase-appcheck:18.0.0] AndroidManifest.xml:26:17-120
123                android:value="com.google.firebase.components.ComponentRegistrar" />
123-->[com.google.firebase:firebase-appcheck:18.0.0] AndroidManifest.xml:27:17-82
124            <meta-data
124-->[com.google.firebase:firebase-appcheck:18.0.0] AndroidManifest.xml:28:13-30:85
125                android:name="com.google.firebase.components:com.google.firebase.appcheck.FirebaseAppCheckRegistrar"
125-->[com.google.firebase:firebase-appcheck:18.0.0] AndroidManifest.xml:29:17-117
126                android:value="com.google.firebase.components.ComponentRegistrar" />
126-->[com.google.firebase:firebase-appcheck:18.0.0] AndroidManifest.xml:30:17-82
127            <meta-data
127-->[com.google.firebase:firebase-common-ktx:21.0.0] AndroidManifest.xml:12:13-14:85
128                android:name="com.google.firebase.components:com.google.firebase.ktx.FirebaseCommonLegacyRegistrar"
128-->[com.google.firebase:firebase-common-ktx:21.0.0] AndroidManifest.xml:13:17-116
129                android:value="com.google.firebase.components.ComponentRegistrar" />
129-->[com.google.firebase:firebase-common-ktx:21.0.0] AndroidManifest.xml:14:17-82
130            <meta-data
130-->[com.google.firebase:firebase-common:21.0.0] AndroidManifest.xml:35:13-37:85
131                android:name="com.google.firebase.components:com.google.firebase.FirebaseCommonKtxRegistrar"
131-->[com.google.firebase:firebase-common:21.0.0] AndroidManifest.xml:36:17-109
132                android:value="com.google.firebase.components.ComponentRegistrar" />
132-->[com.google.firebase:firebase-common:21.0.0] AndroidManifest.xml:37:17-82
133        </service>
134
135        <activity
135-->[com.google.firebase:firebase-auth:23.2.0] AndroidManifest.xml:29:9-46:20
136            android:name="com.google.firebase.auth.internal.GenericIdpActivity"
136-->[com.google.firebase:firebase-auth:23.2.0] AndroidManifest.xml:30:13-80
137            android:excludeFromRecents="true"
137-->[com.google.firebase:firebase-auth:23.2.0] AndroidManifest.xml:31:13-46
138            android:exported="true"
138-->[com.google.firebase:firebase-auth:23.2.0] AndroidManifest.xml:32:13-36
139            android:launchMode="singleTask"
139-->[com.google.firebase:firebase-auth:23.2.0] AndroidManifest.xml:33:13-44
140            android:theme="@android:style/Theme.Translucent.NoTitleBar" >
140-->[com.google.firebase:firebase-auth:23.2.0] AndroidManifest.xml:34:13-72
141            <intent-filter>
141-->[com.google.firebase:firebase-auth:23.2.0] AndroidManifest.xml:35:13-45:29
142                <action android:name="android.intent.action.VIEW" />
142-->[com.google.firebase:firebase-auth:23.2.0] AndroidManifest.xml:36:17-69
142-->[com.google.firebase:firebase-auth:23.2.0] AndroidManifest.xml:36:25-66
143
144                <category android:name="android.intent.category.DEFAULT" />
144-->[com.google.firebase:firebase-auth:23.2.0] AndroidManifest.xml:38:17-76
144-->[com.google.firebase:firebase-auth:23.2.0] AndroidManifest.xml:38:27-73
145                <category android:name="android.intent.category.BROWSABLE" />
145-->[com.google.firebase:firebase-auth:23.2.0] AndroidManifest.xml:39:17-78
145-->[com.google.firebase:firebase-auth:23.2.0] AndroidManifest.xml:39:27-75
146
147                <data
147-->src\main\AndroidManifest.xml:45:13-51
148                    android:host="firebase.auth"
149                    android:path="/"
150                    android:scheme="genericidp" />
151            </intent-filter>
152        </activity>
153        <activity
153-->[com.google.firebase:firebase-auth:23.2.0] AndroidManifest.xml:47:9-64:20
154            android:name="com.google.firebase.auth.internal.RecaptchaActivity"
154-->[com.google.firebase:firebase-auth:23.2.0] AndroidManifest.xml:48:13-79
155            android:excludeFromRecents="true"
155-->[com.google.firebase:firebase-auth:23.2.0] AndroidManifest.xml:49:13-46
156            android:exported="true"
156-->[com.google.firebase:firebase-auth:23.2.0] AndroidManifest.xml:50:13-36
157            android:launchMode="singleTask"
157-->[com.google.firebase:firebase-auth:23.2.0] AndroidManifest.xml:51:13-44
158            android:theme="@android:style/Theme.Translucent.NoTitleBar" >
158-->[com.google.firebase:firebase-auth:23.2.0] AndroidManifest.xml:52:13-72
159            <intent-filter>
159-->[com.google.firebase:firebase-auth:23.2.0] AndroidManifest.xml:53:13-63:29
160                <action android:name="android.intent.action.VIEW" />
160-->[com.google.firebase:firebase-auth:23.2.0] AndroidManifest.xml:36:17-69
160-->[com.google.firebase:firebase-auth:23.2.0] AndroidManifest.xml:36:25-66
161
162                <category android:name="android.intent.category.DEFAULT" />
162-->[com.google.firebase:firebase-auth:23.2.0] AndroidManifest.xml:38:17-76
162-->[com.google.firebase:firebase-auth:23.2.0] AndroidManifest.xml:38:27-73
163                <category android:name="android.intent.category.BROWSABLE" />
163-->[com.google.firebase:firebase-auth:23.2.0] AndroidManifest.xml:39:17-78
163-->[com.google.firebase:firebase-auth:23.2.0] AndroidManifest.xml:39:27-75
164
165                <data
165-->src\main\AndroidManifest.xml:45:13-51
166                    android:host="firebase.auth"
167                    android:path="/"
168                    android:scheme="recaptcha" />
169            </intent-filter>
170        </activity>
171
172        <provider
172-->[:image_picker_android] AndroidManifest.xml:9:9-17:20
173            android:name="io.flutter.plugins.imagepicker.ImagePickerFileProvider"
173-->[:image_picker_android] AndroidManifest.xml:10:13-82
174            android:authorities="com.example.nail_designer_app.flutter.image_provider"
174-->[:image_picker_android] AndroidManifest.xml:11:13-74
175            android:exported="false"
175-->[:image_picker_android] AndroidManifest.xml:12:13-37
176            android:grantUriPermissions="true" >
176-->[:image_picker_android] AndroidManifest.xml:13:13-47
177            <meta-data
177-->[:image_picker_android] AndroidManifest.xml:14:13-16:75
178                android:name="android.support.FILE_PROVIDER_PATHS"
178-->[:image_picker_android] AndroidManifest.xml:15:17-67
179                android:resource="@xml/flutter_image_picker_file_paths" />
179-->[:image_picker_android] AndroidManifest.xml:16:17-72
180        </provider> <!-- Trigger Google Play services to install the backported photo picker module. -->
181        <service
181-->[:image_picker_android] AndroidManifest.xml:19:9-31:19
182            android:name="com.google.android.gms.metadata.ModuleDependencies"
182-->[:image_picker_android] AndroidManifest.xml:20:13-78
183            android:enabled="false"
183-->[:image_picker_android] AndroidManifest.xml:21:13-36
184            android:exported="false" >
184-->[:image_picker_android] AndroidManifest.xml:22:13-37
185            <intent-filter>
185-->[:image_picker_android] AndroidManifest.xml:24:13-26:29
186                <action android:name="com.google.android.gms.metadata.MODULE_DEPENDENCIES" />
186-->[:image_picker_android] AndroidManifest.xml:25:17-94
186-->[:image_picker_android] AndroidManifest.xml:25:25-91
187            </intent-filter>
188
189            <meta-data
189-->[:image_picker_android] AndroidManifest.xml:28:13-30:36
190                android:name="photopicker_activity:0:required"
190-->[:image_picker_android] AndroidManifest.xml:29:17-63
191                android:value="" />
191-->[:image_picker_android] AndroidManifest.xml:30:17-33
192        </service>
193
194        <provider
194-->[com.google.firebase:firebase-common:21.0.0] AndroidManifest.xml:23:9-28:39
195            android:name="com.google.firebase.provider.FirebaseInitProvider"
195-->[com.google.firebase:firebase-common:21.0.0] AndroidManifest.xml:24:13-77
196            android:authorities="com.example.nail_designer_app.firebaseinitprovider"
196-->[com.google.firebase:firebase-common:21.0.0] AndroidManifest.xml:25:13-72
197            android:directBootAware="true"
197-->[com.google.firebase:firebase-common:21.0.0] AndroidManifest.xml:26:13-43
198            android:exported="false"
198-->[com.google.firebase:firebase-common:21.0.0] AndroidManifest.xml:27:13-37
199            android:initOrder="100" />
199-->[com.google.firebase:firebase-common:21.0.0] AndroidManifest.xml:28:13-36
200
201        <service
201-->[androidx.credentials:credentials-play-services-auth:1.2.0-rc01] AndroidManifest.xml:24:9-32:19
202            android:name="androidx.credentials.playservices.CredentialProviderMetadataHolder"
202-->[androidx.credentials:credentials-play-services-auth:1.2.0-rc01] AndroidManifest.xml:25:13-94
203            android:enabled="true"
203-->[androidx.credentials:credentials-play-services-auth:1.2.0-rc01] AndroidManifest.xml:26:13-35
204            android:exported="false" >
204-->[androidx.credentials:credentials-play-services-auth:1.2.0-rc01] AndroidManifest.xml:27:13-37
205            <meta-data
205-->[androidx.credentials:credentials-play-services-auth:1.2.0-rc01] AndroidManifest.xml:29:13-31:104
206                android:name="androidx.credentials.CREDENTIAL_PROVIDER_KEY"
206-->[androidx.credentials:credentials-play-services-auth:1.2.0-rc01] AndroidManifest.xml:30:17-76
207                android:value="androidx.credentials.playservices.CredentialProviderPlayServicesImpl" />
207-->[androidx.credentials:credentials-play-services-auth:1.2.0-rc01] AndroidManifest.xml:31:17-101
208        </service>
209
210        <activity
210-->[androidx.credentials:credentials-play-services-auth:1.2.0-rc01] AndroidManifest.xml:34:9-41:20
211            android:name="androidx.credentials.playservices.HiddenActivity"
211-->[androidx.credentials:credentials-play-services-auth:1.2.0-rc01] AndroidManifest.xml:35:13-76
212            android:configChanges="orientation|screenSize|screenLayout|keyboardHidden"
212-->[androidx.credentials:credentials-play-services-auth:1.2.0-rc01] AndroidManifest.xml:36:13-87
213            android:enabled="true"
213-->[androidx.credentials:credentials-play-services-auth:1.2.0-rc01] AndroidManifest.xml:37:13-35
214            android:exported="false"
214-->[androidx.credentials:credentials-play-services-auth:1.2.0-rc01] AndroidManifest.xml:38:13-37
215            android:fitsSystemWindows="true"
215-->[androidx.credentials:credentials-play-services-auth:1.2.0-rc01] AndroidManifest.xml:39:13-45
216            android:theme="@style/Theme.Hidden" >
216-->[androidx.credentials:credentials-play-services-auth:1.2.0-rc01] AndroidManifest.xml:40:13-48
217        </activity>
218        <activity
218-->[com.google.android.gms:play-services-auth:20.7.0] AndroidManifest.xml:23:9-27:75
219            android:name="com.google.android.gms.auth.api.signin.internal.SignInHubActivity"
219-->[com.google.android.gms:play-services-auth:20.7.0] AndroidManifest.xml:24:13-93
220            android:excludeFromRecents="true"
220-->[com.google.android.gms:play-services-auth:20.7.0] AndroidManifest.xml:25:13-46
221            android:exported="false"
221-->[com.google.android.gms:play-services-auth:20.7.0] AndroidManifest.xml:26:13-37
222            android:theme="@android:style/Theme.Translucent.NoTitleBar" />
222-->[com.google.android.gms:play-services-auth:20.7.0] AndroidManifest.xml:27:13-72
223        <!--
224            Service handling Google Sign-In user revocation. For apps that do not integrate with
225            Google Sign-In, this service will never be started.
226        -->
227        <service
227-->[com.google.android.gms:play-services-auth:20.7.0] AndroidManifest.xml:33:9-37:51
228            android:name="com.google.android.gms.auth.api.signin.RevocationBoundService"
228-->[com.google.android.gms:play-services-auth:20.7.0] AndroidManifest.xml:34:13-89
229            android:exported="true"
229-->[com.google.android.gms:play-services-auth:20.7.0] AndroidManifest.xml:35:13-36
230            android:permission="com.google.android.gms.auth.api.signin.permission.REVOCATION_NOTIFICATION"
230-->[com.google.android.gms:play-services-auth:20.7.0] AndroidManifest.xml:36:13-107
231            android:visibleToInstantApps="true" />
231-->[com.google.android.gms:play-services-auth:20.7.0] AndroidManifest.xml:37:13-48
232
233        <activity
233-->[com.google.android.gms:play-services-base:18.1.0] AndroidManifest.xml:20:9-22:45
234            android:name="com.google.android.gms.common.api.GoogleApiActivity"
234-->[com.google.android.gms:play-services-base:18.1.0] AndroidManifest.xml:20:19-85
235            android:exported="false"
235-->[com.google.android.gms:play-services-base:18.1.0] AndroidManifest.xml:22:19-43
236            android:theme="@android:style/Theme.Translucent.NoTitleBar" />
236-->[com.google.android.gms:play-services-base:18.1.0] AndroidManifest.xml:21:19-78
237
238        <provider
238-->[androidx.lifecycle:lifecycle-process:2.7.0] AndroidManifest.xml:24:9-32:20
239            android:name="androidx.startup.InitializationProvider"
239-->[androidx.lifecycle:lifecycle-process:2.7.0] AndroidManifest.xml:25:13-67
240            android:authorities="com.example.nail_designer_app.androidx-startup"
240-->[androidx.lifecycle:lifecycle-process:2.7.0] AndroidManifest.xml:26:13-68
241            android:exported="false" >
241-->[androidx.lifecycle:lifecycle-process:2.7.0] AndroidManifest.xml:27:13-37
242            <meta-data
242-->[androidx.lifecycle:lifecycle-process:2.7.0] AndroidManifest.xml:29:13-31:52
243                android:name="androidx.lifecycle.ProcessLifecycleInitializer"
243-->[androidx.lifecycle:lifecycle-process:2.7.0] AndroidManifest.xml:30:17-78
244                android:value="androidx.startup" />
244-->[androidx.lifecycle:lifecycle-process:2.7.0] AndroidManifest.xml:31:17-49
245            <meta-data
245-->[androidx.profileinstaller:profileinstaller:1.3.1] AndroidManifest.xml:29:13-31:52
246                android:name="androidx.profileinstaller.ProfileInstallerInitializer"
246-->[androidx.profileinstaller:profileinstaller:1.3.1] AndroidManifest.xml:30:17-85
247                android:value="androidx.startup" />
247-->[androidx.profileinstaller:profileinstaller:1.3.1] AndroidManifest.xml:31:17-49
248        </provider>
249
250        <uses-library
250-->[androidx.window:window:1.2.0] AndroidManifest.xml:23:9-25:40
251            android:name="androidx.window.extensions"
251-->[androidx.window:window:1.2.0] AndroidManifest.xml:24:13-54
252            android:required="false" />
252-->[androidx.window:window:1.2.0] AndroidManifest.xml:25:13-37
253        <uses-library
253-->[androidx.window:window:1.2.0] AndroidManifest.xml:26:9-28:40
254            android:name="androidx.window.sidecar"
254-->[androidx.window:window:1.2.0] AndroidManifest.xml:27:13-51
255            android:required="false" />
255-->[androidx.window:window:1.2.0] AndroidManifest.xml:28:13-37
256
257        <meta-data
257-->[com.google.android.gms:play-services-basement:18.4.0] AndroidManifest.xml:6:9-122
258            android:name="com.google.android.gms.version"
258-->[com.google.android.gms:play-services-basement:18.4.0] AndroidManifest.xml:6:20-65
259            android:value="@integer/google_play_services_version" />
259-->[com.google.android.gms:play-services-basement:18.4.0] AndroidManifest.xml:6:66-119
260
261        <receiver
261-->[androidx.profileinstaller:profileinstaller:1.3.1] AndroidManifest.xml:34:9-52:20
262            android:name="androidx.profileinstaller.ProfileInstallReceiver"
262-->[androidx.profileinstaller:profileinstaller:1.3.1] AndroidManifest.xml:35:13-76
263            android:directBootAware="false"
263-->[androidx.profileinstaller:profileinstaller:1.3.1] AndroidManifest.xml:36:13-44
264            android:enabled="true"
264-->[androidx.profileinstaller:profileinstaller:1.3.1] AndroidManifest.xml:37:13-35
265            android:exported="true"
265-->[androidx.profileinstaller:profileinstaller:1.3.1] AndroidManifest.xml:38:13-36
266            android:permission="android.permission.DUMP" >
266-->[androidx.profileinstaller:profileinstaller:1.3.1] AndroidManifest.xml:39:13-57
267            <intent-filter>
267-->[androidx.profileinstaller:profileinstaller:1.3.1] AndroidManifest.xml:40:13-42:29
268                <action android:name="androidx.profileinstaller.action.INSTALL_PROFILE" />
268-->[androidx.profileinstaller:profileinstaller:1.3.1] AndroidManifest.xml:41:17-91
268-->[androidx.profileinstaller:profileinstaller:1.3.1] AndroidManifest.xml:41:25-88
269            </intent-filter>
270            <intent-filter>
270-->[androidx.profileinstaller:profileinstaller:1.3.1] AndroidManifest.xml:43:13-45:29
271                <action android:name="androidx.profileinstaller.action.SKIP_FILE" />
271-->[androidx.profileinstaller:profileinstaller:1.3.1] AndroidManifest.xml:44:17-85
271-->[androidx.profileinstaller:profileinstaller:1.3.1] AndroidManifest.xml:44:25-82
272            </intent-filter>
273            <intent-filter>
273-->[androidx.profileinstaller:profileinstaller:1.3.1] AndroidManifest.xml:46:13-48:29
274                <action android:name="androidx.profileinstaller.action.SAVE_PROFILE" />
274-->[androidx.profileinstaller:profileinstaller:1.3.1] AndroidManifest.xml:47:17-88
274-->[androidx.profileinstaller:profileinstaller:1.3.1] AndroidManifest.xml:47:25-85
275            </intent-filter>
276            <intent-filter>
276-->[androidx.profileinstaller:profileinstaller:1.3.1] AndroidManifest.xml:49:13-51:29